-------------------------------------------------------------------------------
Test set: com.alibou.security.SecurityApplicationTests
-------------------------------------------------------------------------------
Tests run: 1, Failures: 0, Errors: 1, Skipped: 0, Time elapsed: 5.287 s <<< FAILURE! - in com.alibou.security.SecurityApplicationTests
contextLoads  Time elapsed: 0.013 s  <<< ERROR!
java.lang.IllegalStateException: Failed to load ApplicationContext for [WebMergedContextConfiguration@3516f436 testClass = com.alibou.security.SecurityApplicationTests, locations = [], classes = [com.alibou.security.SecurityApplication], contextInitializerClasses = [], activeProfiles = [], propertySourceLocations = [], propertySourceProperties = ["org.springframework.boot.test.context.SpringBootTestContextBootstrapper=true"], contextCustomizers = [org.springframework.boot.test.context.filter.ExcludeFilterContextCustomizer@4d5650ae, org.springframework.boot.test.json.DuplicateJsonObjectContextCustomizerFactory$DuplicateJsonObjectContextCustomizer@6221a451, org.springframework.boot.test.mock.mockito.MockitoContextCustomizer@0, org.springframework.boot.test.web.client.TestRestTemplateContextCustomizer@60099951, org.springframework.boot.test.autoconfigure.actuate.observability.ObservabilityContextCustomizerFactory$DisableObservabilityContextCustomizer@9da1, org.springframework.boot.test.autoconfigure.properties.PropertyMappingContextCustomizer@0, org.springframework.boot.test.autoconfigure.web.servlet.WebDriverContextCustomizerFactory$Customizer@8f2ef19, org.springframework.boot.test.context.SpringBootTestAnnotation@778033c3], resourceBasePath = "src/main/webapp", contextLoader = org.springframework.boot.test.context.SpringBootContextLoader, parent = null]
Caused by: org.springframework.beans.factory.UnsatisfiedDependencyException: Error creating bean with name 'authenticationController' defined in file [C:\Users\KGwandira\Desktop\personal\Spring\spring-boot-3-jwt-security\target\classes\com\alibou\security\auth\AuthenticationController.class]: Unsatisfied dependency expressed through constructor parameter 0: Error creating bean with name 'authenticationService' defined in file [C:\Users\KGwandira\Desktop\personal\Spring\spring-boot-3-jwt-security\target\classes\com\alibou\security\auth\AuthenticationService.class]: Unsatisfied dependency expressed through constructor parameter 0: Error creating bean with name 'userRepository' defined in com.alibou.security.user.UserRepository defined in @EnableJpaRepositories declared on JpaRepositoriesRegistrar.EnableJpaRepositoriesConfiguration: Could not create query for public abstract boolean com.alibou.security.user.UserRepository.existsByUsername(java.lang.String); Reason: Failed to create query for method public abstract boolean com.alibou.security.user.UserRepository.existsByUsername(java.lang.String); Unable to locate Attribute with the given name [username] on this ManagedType [com.alibou.security.user.User]
Caused by: org.springframework.beans.factory.UnsatisfiedDependencyException: Error creating bean with name 'authenticationService' defined in file [C:\Users\KGwandira\Desktop\personal\Spring\spring-boot-3-jwt-security\target\classes\com\alibou\security\auth\AuthenticationService.class]: Unsatisfied dependency expressed through constructor parameter 0: Error creating bean with name 'userRepository' defined in com.alibou.security.user.UserRepository defined in @EnableJpaRepositories declared on JpaRepositoriesRegistrar.EnableJpaRepositoriesConfiguration: Could not create query for public abstract boolean com.alibou.security.user.UserRepository.existsByUsername(java.lang.String); Reason: Failed to create query for method public abstract boolean com.alibou.security.user.UserRepository.existsByUsername(java.lang.String); Unable to locate Attribute with the given name [username] on this ManagedType [com.alibou.security.user.User]
Caused by: org.springframework.beans.factory.BeanCreationException: Error creating bean with name 'userRepository' defined in com.alibou.security.user.UserRepository defined in @EnableJpaRepositories declared on JpaRepositoriesRegistrar.EnableJpaRepositoriesConfiguration: Could not create query for public abstract boolean com.alibou.security.user.UserRepository.existsByUsername(java.lang.String); Reason: Failed to create query for method public abstract boolean com.alibou.security.user.UserRepository.existsByUsername(java.lang.String); Unable to locate Attribute with the given name [username] on this ManagedType [com.alibou.security.user.User]
Caused by: org.springframework.data.repository.query.QueryCreationException: Could not create query for public abstract boolean com.alibou.security.user.UserRepository.existsByUsername(java.lang.String); Reason: Failed to create query for method public abstract boolean com.alibou.security.user.UserRepository.existsByUsername(java.lang.String); Unable to locate Attribute with the given name [username] on this ManagedType [com.alibou.security.user.User]
Caused by: java.lang.IllegalArgumentException: Failed to create query for method public abstract boolean com.alibou.security.user.UserRepository.existsByUsername(java.lang.String); Unable to locate Attribute with the given name [username] on this ManagedType [com.alibou.security.user.User]
Caused by: java.lang.IllegalArgumentException: Unable to locate Attribute with the given name [username] on this ManagedType [com.alibou.security.user.User]

